[33mFiles in the public directory are served at the root path.
Instead of [36m/public/images/gatomaldito.jpg[33m, use [36m/images/gatomaldito.jpg[33m.[39m
[33mFiles in the public directory are served at the root path.
Instead of [36m/public/images/gatoarrombado.webp[33m, use [36m/images/gatoarrombado.webp[33m.[39m
[33mFiles in the public directory are served at the root path.
Instead of [36m/public/images/filhodaputa.jpg[33m, use [36m/images/filhodaputa.jpg[33m.[39m
[33mFiles in the public directory are served at the root path.
Instead of [36m/public/images/desgracado.jpg[33m, use [36m/images/desgracado.jpg[33m.[39m
[33mFiles in the public directory are served at the root path.
Instead of [36m/public/images/demonio.jpg[33m, use [36m/images/demonio.jpg[33m.[39m
[33mFiles in the public directory are served at the root path.
Instead of [36m/public/images/demonio.jpg[33m, use [36m/images/demonio.jpg[33m.[39m
[33mFiles in the public directory are served at the root path.
Instead of [36m/public/images/gatoarrombado.webp[33m, use [36m/images/gatoarrombado.webp[33m.[39m
[33mFiles in the public directory are served at the root path.
Instead of [36m/public/images/gatomaldito.jpg[33m, use [36m/images/gatomaldito.jpg[33m.[39m
[33mFiles in the public directory are served at the root path.
Instead of [36m/public/images/filhodaputa.jpg[33m, use [36m/images/filhodaputa.jpg[33m.[39m
[33mFiles in the public directory are served at the root path.
Instead of [36m/public/images/desgracado.jpg[33m, use [36m/images/desgracado.jpg[33m.[39m
[33mFiles in the public directory are served at the root path.
Instead of [36m/public/images/gatomaldito.jpg[33m, use [36m/images/gatomaldito.jpg[33m.[39m
[33mFiles in the public directory are served at the root path.
Instead of [36m/public/images/desgracado.jpg[33m, use [36m/images/desgracado.jpg[33m.[39m
[33mFiles in the public directory are served at the root path.
Instead of [36m/public/images/gatoarrombado.webp[33m, use [36m/images/gatoarrombado.webp[33m.[39m
[33mFiles in the public directory are served at the root path.
Instead of [36m/public/images/filhodaputa.jpg[33m, use [36m/images/filhodaputa.jpg[33m.[39m
[33mFiles in the public directory are served at the root path.
Instead of [36m/public/images/demonio.jpg[33m, use [36m/images/demonio.jpg[33m.[39m
[33mFiles in the public directory are served at the root path.
Instead of [36m/public/images/gatomaldito.jpg[33m, use [36m/images/gatomaldito.jpg[33m.[39m
[33mFiles in the public directory are served at the root path.
Instead of [36m/public/images/gatoarrombado.webp[33m, use [36m/images/gatoarrombado.webp[33m.[39m
[33mFiles in the public directory are served at the root path.
Instead of [36m/public/images/filhodaputa.jpg[33m, use [36m/images/filhodaputa.jpg[33m.[39m
[33mFiles in the public directory are served at the root path.
Instead of [36m/public/images/desgracado.jpg[33m, use [36m/images/desgracado.jpg[33m.[39m
[33mFiles in the public directory are served at the root path.
Instead of [36m/public/images/demonio.jpg[33m, use [36m/images/demonio.jpg[33m.[39m
